<?xml version="1.0" encoding="UTF-8"?>
<testsuite xmlns:xsi="http://www.w3.org/2001/XMLSchema-instance" xsi:noNamespaceSchemaLocation="https://maven.apache.org/surefire/maven-surefire-plugin/xsd/surefire-test-report.xsd" version="3.0.2" name="com.novelsbr.backend.services.CommentServiceTest" time="0.492" tests="7" errors="0" skipped="0" failures="0">
  <properties>
    <property name="java.specification.version" value="17"/>
    <property name="sun.cpu.isalist" value="amd64"/>
    <property name="sun.jnu.encoding" value="Cp1252"/>
    <property name="java.class.path" value="C:\spring-react\novelbr\backend\target\test-classes;C:\spring-react\novelbr\backend\target\classes;C:\Users\willl\.m2\repository\org\springframework\boot\spring-boot-starter-data-jpa\3.4.4\spring-boot-starter-data-jpa-3.4.4.jar;C:\Users\willl\.m2\repository\org\springframework\boot\spring-boot-starter\3.4.4\spring-boot-starter-3.4.4.jar;C:\Users\willl\.m2\repository\org\springframework\boot\spring-boot-starter-logging\3.4.4\spring-boot-starter-logging-3.4.4.jar;C:\Users\willl\.m2\repository\ch\qos\logback\logback-classic\1.5.18\logback-classic-1.5.18.jar;C:\Users\willl\.m2\repository\ch\qos\logback\logback-core\1.5.18\logback-core-1.5.18.jar;C:\Users\willl\.m2\repository\org\apache\logging\log4j\log4j-to-slf4j\2.24.3\log4j-to-slf4j-2.24.3.jar;C:\Users\willl\.m2\repository\org\apache\logging\log4j\log4j-api\2.24.3\log4j-api-2.24.3.jar;C:\Users\willl\.m2\repository\org\slf4j\jul-to-slf4j\2.0.17\jul-to-slf4j-2.0.17.jar;C:\Users\willl\.m2\repository\jakarta\annotation\jakarta.annotation-api\2.1.1\jakarta.annotation-api-2.1.1.jar;C:\Users\willl\.m2\repository\org\yaml\snakeyaml\2.3\snakeyaml-2.3.jar;C:\Users\willl\.m2\repository\org\springframework\boot\spring-boot-starter-jdbc\3.4.4\spring-boot-starter-jdbc-3.4.4.jar;C:\Users\willl\.m2\repository\com\zaxxer\HikariCP\5.1.0\HikariCP-5.1.0.jar;C:\Users\willl\.m2\repository\org\springframework\spring-jdbc\6.2.5\spring-jdbc-6.2.5.jar;C:\Users\willl\.m2\repository\org\hibernate\orm\hibernate-core\6.6.11.Final\hibernate-core-6.6.11.Final.jar;C:\Users\willl\.m2\repository\jakarta\persistence\jakarta.persistence-api\3.1.0\jakarta.persistence-api-3.1.0.jar;C:\Users\willl\.m2\repository\jakarta\transaction\jakarta.transaction-api\2.0.1\jakarta.transaction-api-2.0.1.jar;C:\Users\willl\.m2\repository\org\jboss\logging\jboss-logging\3.6.1.Final\jboss-logging-3.6.1.Final.jar;C:\Users\willl\.m2\repository\org\hibernate\common\hibernate-commons-annotations\7.0.3.Final\hibernate-commons-annotations-7.0.3.Final.jar;C:\Users\willl\.m2\repository\io\smallrye\jandex\3.2.0\jandex-3.2.0.jar;C:\Users\willl\.m2\repository\com\fasterxml\classmate\1.7.0\classmate-1.7.0.jar;C:\Users\willl\.m2\repository\net\bytebuddy\byte-buddy\1.15.11\byte-buddy-1.15.11.jar;C:\Users\willl\.m2\repository\org\glassfish\jaxb\jaxb-runtime\4.0.5\jaxb-runtime-4.0.5.jar;C:\Users\willl\.m2\repository\org\glassfish\jaxb\jaxb-core\4.0.5\jaxb-core-4.0.5.jar;C:\Users\willl\.m2\repository\org\eclipse\angus\angus-activation\2.0.2\angus-activation-2.0.2.jar;C:\Users\willl\.m2\repository\org\glassfish\jaxb\txw2\4.0.5\txw2-4.0.5.jar;C:\Users\willl\.m2\repository\com\sun\istack\istack-commons-runtime\4.1.2\istack-commons-runtime-4.1.2.jar;C:\Users\willl\.m2\repository\jakarta\inject\jakarta.inject-api\2.0.1\jakarta.inject-api-2.0.1.jar;C:\Users\willl\.m2\repository\org\antlr\antlr4-runtime\4.13.0\antlr4-runtime-4.13.0.jar;C:\Users\willl\.m2\repository\org\springframework\data\spring-data-jpa\3.4.4\spring-data-jpa-3.4.4.jar;C:\Users\willl\.m2\repository\org\springframework\data\spring-data-commons\3.4.4\spring-data-commons-3.4.4.jar;C:\Users\willl\.m2\repository\org\springframework\spring-orm\6.2.5\spring-orm-6.2.5.jar;C:\Users\willl\.m2\repository\org\springframework\spring-context\6.2.5\spring-context-6.2.5.jar;C:\Users\willl\.m2\repository\org\springframework\spring-tx\6.2.5\spring-tx-6.2.5.jar;C:\Users\willl\.m2\repository\org\springframework\spring-beans\6.2.5\spring-beans-6.2.5.jar;C:\Users\willl\.m2\repository\org\slf4j\slf4j-api\2.0.17\slf4j-api-2.0.17.jar;C:\Users\willl\.m2\repository\org\springframework\spring-aspects\6.2.5\spring-aspects-6.2.5.jar;C:\Users\willl\.m2\repository\org\aspectj\aspectjweaver\1.9.23\aspectjweaver-1.9.23.jar;C:\Users\willl\.m2\repository\org\springframework\boot\spring-boot-starter-web\3.4.4\spring-boot-starter-web-3.4.4.jar;C:\Users\willl\.m2\repository\org\springframework\boot\spring-boot-starter-json\3.4.4\spring-boot-starter-json-3.4.4.jar;C:\Users\willl\.m2\repository\com\fasterxml\jackson\datatype\jackson-datatype-jdk8\2.18.3\jackson-datatype-jdk8-2.18.3.jar;C:\Users\willl\.m2\repository\com\fasterxml\jackson\datatype\jackson-datatype-jsr310\2.18.3\jackson-datatype-jsr310-2.18.3.jar;C:\Users\willl\.m2\repository\com\fasterxml\jackson\module\jackson-module-parameter-names\2.18.3\jackson-module-parameter-names-2.18.3.jar;C:\Users\willl\.m2\repository\org\springframework\boot\spring-boot-starter-tomcat\3.4.4\spring-boot-starter-tomcat-3.4.4.jar;C:\Users\willl\.m2\repository\org\apache\tomcat\embed\tomcat-embed-core\10.1.39\tomcat-embed-core-10.1.39.jar;C:\Users\willl\.m2\repository\org\apache\tomcat\embed\tomcat-embed-el\10.1.39\tomcat-embed-el-10.1.39.jar;C:\Users\willl\.m2\repository\org\apache\tomcat\embed\tomcat-embed-websocket\10.1.39\tomcat-embed-websocket-10.1.39.jar;C:\Users\willl\.m2\repository\org\springframework\spring-web\6.2.5\spring-web-6.2.5.jar;C:\Users\willl\.m2\repository\io\micrometer\micrometer-observation\1.14.5\micrometer-observation-1.14.5.jar;C:\Users\willl\.m2\repository\io\micrometer\micrometer-commons\1.14.5\micrometer-commons-1.14.5.jar;C:\Users\willl\.m2\repository\org\springframework\spring-webmvc\6.2.5\spring-webmvc-6.2.5.jar;C:\Users\willl\.m2\repository\org\springframework\spring-expression\6.2.5\spring-expression-6.2.5.jar;C:\Users\willl\.m2\repository\org\springframework\boot\spring-boot-devtools\3.4.4\spring-boot-devtools-3.4.4.jar;C:\Users\willl\.m2\repository\org\springframework\boot\spring-boot\3.4.4\spring-boot-3.4.4.jar;C:\Users\willl\.m2\repository\org\springframework\boot\spring-boot-autoconfigure\3.4.4\spring-boot-autoconfigure-3.4.4.jar;C:\Users\willl\.m2\repository\com\h2database\h2\2.3.232\h2-2.3.232.jar;C:\Users\willl\.m2\repository\org\springframework\boot\spring-boot-starter-test\3.4.4\spring-boot-starter-test-3.4.4.jar;C:\Users\willl\.m2\repository\org\springframework\boot\spring-boot-test\3.4.4\spring-boot-test-3.4.4.jar;C:\Users\willl\.m2\repository\org\springframework\boot\spring-boot-test-autoconfigure\3.4.4\spring-boot-test-autoconfigure-3.4.4.jar;C:\Users\willl\.m2\repository\com\jayway\jsonpath\json-path\2.9.0\json-path-2.9.0.jar;C:\Users\willl\.m2\repository\jakarta\xml\bind\jakarta.xml.bind-api\4.0.2\jakarta.xml.bind-api-4.0.2.jar;C:\Users\willl\.m2\repository\jakarta\activation\jakarta.activation-api\2.1.3\jakarta.activation-api-2.1.3.jar;C:\Users\willl\.m2\repository\net\minidev\json-smart\2.5.2\json-smart-2.5.2.jar;C:\Users\willl\.m2\repository\net\minidev\accessors-smart\2.5.2\accessors-smart-2.5.2.jar;C:\Users\willl\.m2\repository\org\ow2\asm\asm\9.7.1\asm-9.7.1.jar;C:\Users\willl\.m2\repository\org\assertj\assertj-core\3.26.3\assertj-core-3.26.3.jar;C:\Users\willl\.m2\repository\org\awaitility\awaitility\4.2.2\awaitility-4.2.2.jar;C:\Users\willl\.m2\repository\org\hamcrest\hamcrest\2.2\hamcrest-2.2.jar;C:\Users\willl\.m2\repository\org\junit\jupiter\junit-jupiter\5.11.4\junit-jupiter-5.11.4.jar;C:\Users\willl\.m2\repository\org\junit\jupiter\junit-jupiter-api\5.11.4\junit-jupiter-api-5.11.4.jar;C:\Users\willl\.m2\repository\org\opentest4j\opentest4j\1.3.0\opentest4j-1.3.0.jar;C:\Users\willl\.m2\repository\org\junit\platform\junit-platform-commons\1.11.4\junit-platform-commons-1.11.4.jar;C:\Users\willl\.m2\repository\org\apiguardian\apiguardian-api\1.1.2\apiguardian-api-1.1.2.jar;C:\Users\willl\.m2\repository\org\junit\jupiter\junit-jupiter-params\5.11.4\junit-jupiter-params-5.11.4.jar;C:\Users\willl\.m2\repository\org\junit\jupiter\junit-jupiter-engine\5.11.4\junit-jupiter-engine-5.11.4.jar;C:\Users\willl\.m2\repository\org\junit\platform\junit-platform-engine\1.11.4\junit-platform-engine-1.11.4.jar;C:\Users\willl\.m2\repository\org\mockito\mockito-core\5.14.2\mockito-core-5.14.2.jar;C:\Users\willl\.m2\repository\net\bytebuddy\byte-buddy-agent\1.15.11\byte-buddy-agent-1.15.11.jar;C:\Users\willl\.m2\repository\org\objenesis\objenesis\3.3\objenesis-3.3.jar;C:\Users\willl\.m2\repository\org\mockito\mockito-junit-jupiter\5.14.2\mockito-junit-jupiter-5.14.2.jar;C:\Users\willl\.m2\repository\org\skyscreamer\jsonassert\1.5.3\jsonassert-1.5.3.jar;C:\Users\willl\.m2\repository\com\vaadin\external\google\android-json\0.0.20131108.vaadin1\android-json-0.0.20131108.vaadin1.jar;C:\Users\willl\.m2\repository\org\springframework\spring-core\6.2.5\spring-core-6.2.5.jar;C:\Users\willl\.m2\repository\org\springframework\spring-jcl\6.2.5\spring-jcl-6.2.5.jar;C:\Users\willl\.m2\repository\org\springframework\spring-test\6.2.5\spring-test-6.2.5.jar;C:\Users\willl\.m2\repository\org\xmlunit\xmlunit-core\2.10.0\xmlunit-core-2.10.0.jar;C:\Users\willl\.m2\repository\org\springframework\boot\spring-boot-starter-security\3.4.4\spring-boot-starter-security-3.4.4.jar;C:\Users\willl\.m2\repository\org\springframework\spring-aop\6.2.5\spring-aop-6.2.5.jar;C:\Users\willl\.m2\repository\org\springframework\security\spring-security-config\6.4.4\spring-security-config-6.4.4.jar;C:\Users\willl\.m2\repository\org\springframework\security\spring-security-web\6.4.4\spring-security-web-6.4.4.jar;C:\Users\willl\.m2\repository\org\springframework\security\spring-security-test\6.4.4\spring-security-test-6.4.4.jar;C:\Users\willl\.m2\repository\org\springframework\security\spring-security-core\6.4.4\spring-security-core-6.4.4.jar;C:\Users\willl\.m2\repository\org\springframework\security\spring-security-crypto\6.4.4\spring-security-crypto-6.4.4.jar;C:\Users\willl\.m2\repository\com\auth0\java-jwt\4.5.0\java-jwt-4.5.0.jar;C:\Users\willl\.m2\repository\com\fasterxml\jackson\core\jackson-core\2.18.3\jackson-core-2.18.3.jar;C:\Users\willl\.m2\repository\com\fasterxml\jackson\core\jackson-databind\2.18.3\jackson-databind-2.18.3.jar;C:\Users\willl\.m2\repository\com\fasterxml\jackson\core\jackson-annotations\2.18.3\jackson-annotations-2.18.3.jar;C:\Users\willl\.m2\repository\com\googlecode\owasp-java-html-sanitizer\owasp-java-html-sanitizer\20211018.1\owasp-java-html-sanitizer-20211018.1.jar;C:\Users\willl\.m2\repository\com\google\guava\guava\30.1-jre\guava-30.1-jre.jar;C:\Users\willl\.m2\repository\com\google\guava\failureaccess\1.0.1\failureaccess-1.0.1.jar;C:\Users\willl\.m2\repository\com\google\guava\listenablefuture\9999.0-empty-to-avoid-conflict-with-guava\listenablefuture-9999.0-empty-to-avoid-conflict-with-guava.jar;C:\Users\willl\.m2\repository\com\google\code\findbugs\jsr305\3.0.2\jsr305-3.0.2.jar;C:\Users\willl\.m2\repository\org\checkerframework\checker-qual\3.5.0\checker-qual-3.5.0.jar;C:\Users\willl\.m2\repository\com\google\errorprone\error_prone_annotations\2.3.4\error_prone_annotations-2.3.4.jar;C:\Users\willl\.m2\repository\com\google\j2objc\j2objc-annotations\1.3\j2objc-annotations-1.3.jar;"/>
    <property name="java.vm.vendor" value="Eclipse Adoptium"/>
    <property name="sun.arch.data.model" value="64"/>
    <property name="user.variant" value=""/>
    <property name="java.vendor.url" value="https://adoptium.net/"/>
    <property name="user.timezone" value="America/Sao_Paulo"/>
    <property name="org.jboss.logging.provider" value="slf4j"/>
    <property name="os.name" value="Windows 10"/>
    <property name="java.vm.specification.version" value="17"/>
    <property name="sun.java.launcher" value="SUN_STANDARD"/>
    <property name="user.country" value="BR"/>
    <property name="sun.boot.library.path" value="C:\sts-4.17.1.RELEASE\plugins\org.eclipse.justj.openjdk.hotspot.jre.full.win32.x86_64_17.0.5.v20221102-0933\jre\bin"/>
    <property name="sun.java.command" value="C:\Users\willl\AppData\Local\Temp\surefire8224581168353131296\surefirebooter-20250823125715899_3.jar C:\Users\willl\AppData\Local\Temp\surefire8224581168353131296 2025-08-23T12-57-14_363-jvmRun1 surefire-20250823125715899_1tmp surefire_0-20250823125715899_2tmp"/>
    <property name="jdk.debug" value="release"/>
    <property name="surefire.test.class.path" value="C:\spring-react\novelbr\backend\target\test-classes;C:\spring-react\novelbr\backend\target\classes;C:\Users\willl\.m2\repository\org\springframework\boot\spring-boot-starter-data-jpa\3.4.4\spring-boot-starter-data-jpa-3.4.4.jar;C:\Users\willl\.m2\repository\org\springframework\boot\spring-boot-starter\3.4.4\spring-boot-starter-3.4.4.jar;C:\Users\willl\.m2\repository\org\springframework\boot\spring-boot-starter-logging\3.4.4\spring-boot-starter-logging-3.4.4.jar;C:\Users\willl\.m2\repository\ch\qos\logback\logback-classic\1.5.18\logback-classic-1.5.18.jar;C:\Users\willl\.m2\repository\ch\qos\logback\logback-core\1.5.18\logback-core-1.5.18.jar;C:\Users\willl\.m2\repository\org\apache\logging\log4j\log4j-to-slf4j\2.24.3\log4j-to-slf4j-2.24.3.jar;C:\Users\willl\.m2\repository\org\apache\logging\log4j\log4j-api\2.24.3\log4j-api-2.24.3.jar;C:\Users\willl\.m2\repository\org\slf4j\jul-to-slf4j\2.0.17\jul-to-slf4j-2.0.17.jar;C:\Users\willl\.m2\repository\jakarta\annotation\jakarta.annotation-api\2.1.1\jakarta.annotation-api-2.1.1.jar;C:\Users\willl\.m2\repository\org\yaml\snakeyaml\2.3\snakeyaml-2.3.jar;C:\Users\willl\.m2\repository\org\springframework\boot\spring-boot-starter-jdbc\3.4.4\spring-boot-starter-jdbc-3.4.4.jar;C:\Users\willl\.m2\repository\com\zaxxer\HikariCP\5.1.0\HikariCP-5.1.0.jar;C:\Users\willl\.m2\repository\org\springframework\spring-jdbc\6.2.5\spring-jdbc-6.2.5.jar;C:\Users\willl\.m2\repository\org\hibernate\orm\hibernate-core\6.6.11.Final\hibernate-core-6.6.11.Final.jar;C:\Users\willl\.m2\repository\jakarta\persistence\jakarta.persistence-api\3.1.0\jakarta.persistence-api-3.1.0.jar;C:\Users\willl\.m2\repository\jakarta\transaction\jakarta.transaction-api\2.0.1\jakarta.transaction-api-2.0.1.jar;C:\Users\willl\.m2\repository\org\jboss\logging\jboss-logging\3.6.1.Final\jboss-logging-3.6.1.Final.jar;C:\Users\willl\.m2\repository\org\hibernate\common\hibernate-commons-annotations\7.0.3.Final\hibernate-commons-annotations-7.0.3.Final.jar;C:\Users\willl\.m2\repository\io\smallrye\jandex\3.2.0\jandex-3.2.0.jar;C:\Users\willl\.m2\repository\com\fasterxml\classmate\1.7.0\classmate-1.7.0.jar;C:\Users\willl\.m2\repository\net\bytebuddy\byte-buddy\1.15.11\byte-buddy-1.15.11.jar;C:\Users\willl\.m2\repository\org\glassfish\jaxb\jaxb-runtime\4.0.5\jaxb-runtime-4.0.5.jar;C:\Users\willl\.m2\repository\org\glassfish\jaxb\jaxb-core\4.0.5\jaxb-core-4.0.5.jar;C:\Users\willl\.m2\repository\org\eclipse\angus\angus-activation\2.0.2\angus-activation-2.0.2.jar;C:\Users\willl\.m2\repository\org\glassfish\jaxb\txw2\4.0.5\txw2-4.0.5.jar;C:\Users\willl\.m2\repository\com\sun\istack\istack-commons-runtime\4.1.2\istack-commons-runtime-4.1.2.jar;C:\Users\willl\.m2\repository\jakarta\inject\jakarta.inject-api\2.0.1\jakarta.inject-api-2.0.1.jar;C:\Users\willl\.m2\repository\org\antlr\antlr4-runtime\4.13.0\antlr4-runtime-4.13.0.jar;C:\Users\willl\.m2\repository\org\springframework\data\spring-data-jpa\3.4.4\spring-data-jpa-3.4.4.jar;C:\Users\willl\.m2\repository\org\springframework\data\spring-data-commons\3.4.4\spring-data-commons-3.4.4.jar;C:\Users\willl\.m2\repository\org\springframework\spring-orm\6.2.5\spring-orm-6.2.5.jar;C:\Users\willl\.m2\repository\org\springframework\spring-context\6.2.5\spring-context-6.2.5.jar;C:\Users\willl\.m2\repository\org\springframework\spring-tx\6.2.5\spring-tx-6.2.5.jar;C:\Users\willl\.m2\repository\org\springframework\spring-beans\6.2.5\spring-beans-6.2.5.jar;C:\Users\willl\.m2\repository\org\slf4j\slf4j-api\2.0.17\slf4j-api-2.0.17.jar;C:\Users\willl\.m2\repository\org\springframework\spring-aspects\6.2.5\spring-aspects-6.2.5.jar;C:\Users\willl\.m2\repository\org\aspectj\aspectjweaver\1.9.23\aspectjweaver-1.9.23.jar;C:\Users\willl\.m2\repository\org\springframework\boot\spring-boot-starter-web\3.4.4\spring-boot-starter-web-3.4.4.jar;C:\Users\willl\.m2\repository\org\springframework\boot\spring-boot-starter-json\3.4.4\spring-boot-starter-json-3.4.4.jar;C:\Users\willl\.m2\repository\com\fasterxml\jackson\datatype\jackson-datatype-jdk8\2.18.3\jackson-datatype-jdk8-2.18.3.jar;C:\Users\willl\.m2\repository\com\fasterxml\jackson\datatype\jackson-datatype-jsr310\2.18.3\jackson-datatype-jsr310-2.18.3.jar;C:\Users\willl\.m2\repository\com\fasterxml\jackson\module\jackson-module-parameter-names\2.18.3\jackson-module-parameter-names-2.18.3.jar;C:\Users\willl\.m2\repository\org\springframework\boot\spring-boot-starter-tomcat\3.4.4\spring-boot-starter-tomcat-3.4.4.jar;C:\Users\willl\.m2\repository\org\apache\tomcat\embed\tomcat-embed-core\10.1.39\tomcat-embed-core-10.1.39.jar;C:\Users\willl\.m2\repository\org\apache\tomcat\embed\tomcat-embed-el\10.1.39\tomcat-embed-el-10.1.39.jar;C:\Users\willl\.m2\repository\org\apache\tomcat\embed\tomcat-embed-websocket\10.1.39\tomcat-embed-websocket-10.1.39.jar;C:\Users\willl\.m2\repository\org\springframework\spring-web\6.2.5\spring-web-6.2.5.jar;C:\Users\willl\.m2\repository\io\micrometer\micrometer-observation\1.14.5\micrometer-observation-1.14.5.jar;C:\Users\willl\.m2\repository\io\micrometer\micrometer-commons\1.14.5\micrometer-commons-1.14.5.jar;C:\Users\willl\.m2\repository\org\springframework\spring-webmvc\6.2.5\spring-webmvc-6.2.5.jar;C:\Users\willl\.m2\repository\org\springframework\spring-expression\6.2.5\spring-expression-6.2.5.jar;C:\Users\willl\.m2\repository\org\springframework\boot\spring-boot-devtools\3.4.4\spring-boot-devtools-3.4.4.jar;C:\Users\willl\.m2\repository\org\springframework\boot\spring-boot\3.4.4\spring-boot-3.4.4.jar;C:\Users\willl\.m2\repository\org\springframework\boot\spring-boot-autoconfigure\3.4.4\spring-boot-autoconfigure-3.4.4.jar;C:\Users\willl\.m2\repository\com\h2database\h2\2.3.232\h2-2.3.232.jar;C:\Users\willl\.m2\repository\org\springframework\boot\spring-boot-starter-test\3.4.4\spring-boot-starter-test-3.4.4.jar;C:\Users\willl\.m2\repository\org\springframework\boot\spring-boot-test\3.4.4\spring-boot-test-3.4.4.jar;C:\Users\willl\.m2\repository\org\springframework\boot\spring-boot-test-autoconfigure\3.4.4\spring-boot-test-autoconfigure-3.4.4.jar;C:\Users\willl\.m2\repository\com\jayway\jsonpath\json-path\2.9.0\json-path-2.9.0.jar;C:\Users\willl\.m2\repository\jakarta\xml\bind\jakarta.xml.bind-api\4.0.2\jakarta.xml.bind-api-4.0.2.jar;C:\Users\willl\.m2\repository\jakarta\activation\jakarta.activation-api\2.1.3\jakarta.activation-api-2.1.3.jar;C:\Users\willl\.m2\repository\net\minidev\json-smart\2.5.2\json-smart-2.5.2.jar;C:\Users\willl\.m2\repository\net\minidev\accessors-smart\2.5.2\accessors-smart-2.5.2.jar;C:\Users\willl\.m2\repository\org\ow2\asm\asm\9.7.1\asm-9.7.1.jar;C:\Users\willl\.m2\repository\org\assertj\assertj-core\3.26.3\assertj-core-3.26.3.jar;C:\Users\willl\.m2\repository\org\awaitility\awaitility\4.2.2\awaitility-4.2.2.jar;C:\Users\willl\.m2\repository\org\hamcrest\hamcrest\2.2\hamcrest-2.2.jar;C:\Users\willl\.m2\repository\org\junit\jupiter\junit-jupiter\5.11.4\junit-jupiter-5.11.4.jar;C:\Users\willl\.m2\repository\org\junit\jupiter\junit-jupiter-api\5.11.4\junit-jupiter-api-5.11.4.jar;C:\Users\willl\.m2\repository\org\opentest4j\opentest4j\1.3.0\opentest4j-1.3.0.jar;C:\Users\willl\.m2\repository\org\junit\platform\junit-platform-commons\1.11.4\junit-platform-commons-1.11.4.jar;C:\Users\willl\.m2\repository\org\apiguardian\apiguardian-api\1.1.2\apiguardian-api-1.1.2.jar;C:\Users\willl\.m2\repository\org\junit\jupiter\junit-jupiter-params\5.11.4\junit-jupiter-params-5.11.4.jar;C:\Users\willl\.m2\repository\org\junit\jupiter\junit-jupiter-engine\5.11.4\junit-jupiter-engine-5.11.4.jar;C:\Users\willl\.m2\repository\org\junit\platform\junit-platform-engine\1.11.4\junit-platform-engine-1.11.4.jar;C:\Users\willl\.m2\repository\org\mockito\mockito-core\5.14.2\mockito-core-5.14.2.jar;C:\Users\willl\.m2\repository\net\bytebuddy\byte-buddy-agent\1.15.11\byte-buddy-agent-1.15.11.jar;C:\Users\willl\.m2\repository\org\objenesis\objenesis\3.3\objenesis-3.3.jar;C:\Users\willl\.m2\repository\org\mockito\mockito-junit-jupiter\5.14.2\mockito-junit-jupiter-5.14.2.jar;C:\Users\willl\.m2\repository\org\skyscreamer\jsonassert\1.5.3\jsonassert-1.5.3.jar;C:\Users\willl\.m2\repository\com\vaadin\external\google\android-json\0.0.20131108.vaadin1\android-json-0.0.20131108.vaadin1.jar;C:\Users\willl\.m2\repository\org\springframework\spring-core\6.2.5\spring-core-6.2.5.jar;C:\Users\willl\.m2\repository\org\springframework\spring-jcl\6.2.5\spring-jcl-6.2.5.jar;C:\Users\willl\.m2\repository\org\springframework\spring-test\6.2.5\spring-test-6.2.5.jar;C:\Users\willl\.m2\repository\org\xmlunit\xmlunit-core\2.10.0\xmlunit-core-2.10.0.jar;C:\Users\willl\.m2\repository\org\springframework\boot\spring-boot-starter-security\3.4.4\spring-boot-starter-security-3.4.4.jar;C:\Users\willl\.m2\repository\org\springframework\spring-aop\6.2.5\spring-aop-6.2.5.jar;C:\Users\willl\.m2\repository\org\springframework\security\spring-security-config\6.4.4\spring-security-config-6.4.4.jar;C:\Users\willl\.m2\repository\org\springframework\security\spring-security-web\6.4.4\spring-security-web-6.4.4.jar;C:\Users\willl\.m2\repository\org\springframework\security\spring-security-test\6.4.4\spring-security-test-6.4.4.jar;C:\Users\willl\.m2\repository\org\springframework\security\spring-security-core\6.4.4\spring-security-core-6.4.4.jar;C:\Users\willl\.m2\repository\org\springframework\security\spring-security-crypto\6.4.4\spring-security-crypto-6.4.4.jar;C:\Users\willl\.m2\repository\com\auth0\java-jwt\4.5.0\java-jwt-4.5.0.jar;C:\Users\willl\.m2\repository\com\fasterxml\jackson\core\jackson-core\2.18.3\jackson-core-2.18.3.jar;C:\Users\willl\.m2\repository\com\fasterxml\jackson\core\jackson-databind\2.18.3\jackson-databind-2.18.3.jar;C:\Users\willl\.m2\repository\com\fasterxml\jackson\core\jackson-annotations\2.18.3\jackson-annotations-2.18.3.jar;C:\Users\willl\.m2\repository\com\googlecode\owasp-java-html-sanitizer\owasp-java-html-sanitizer\20211018.1\owasp-java-html-sanitizer-20211018.1.jar;C:\Users\willl\.m2\repository\com\google\guava\guava\30.1-jre\guava-30.1-jre.jar;C:\Users\willl\.m2\repository\com\google\guava\failureaccess\1.0.1\failureaccess-1.0.1.jar;C:\Users\willl\.m2\repository\com\google\guava\listenablefuture\9999.0-empty-to-avoid-conflict-with-guava\listenablefuture-9999.0-empty-to-avoid-conflict-with-guava.jar;C:\Users\willl\.m2\repository\com\google\code\findbugs\jsr305\3.0.2\jsr305-3.0.2.jar;C:\Users\willl\.m2\repository\org\checkerframework\checker-qual\3.5.0\checker-qual-3.5.0.jar;C:\Users\willl\.m2\repository\com\google\errorprone\error_prone_annotations\2.3.4\error_prone_annotations-2.3.4.jar;C:\Users\willl\.m2\repository\com\google\j2objc\j2objc-annotations\1.3\j2objc-annotations-1.3.jar;"/>
    <property name="sun.cpu.endian" value="little"/>
    <property name="user.home" value="C:\Users\willl"/>
    <property name="user.language" value="pt"/>
    <property name="java.specification.vendor" value="Oracle Corporation"/>
    <property name="java.version.date" value="2022-10-18"/>
    <property name="java.home" value="C:\sts-4.17.1.RELEASE\plugins\org.eclipse.justj.openjdk.hotspot.jre.full.win32.x86_64_17.0.5.v20221102-0933\jre"/>
    <property name="file.separator" value="\"/>
    <property name="style.color" value="always"/>
    <property name="basedir" value="C:\spring-react\novelbr\backend"/>
    <property name="java.vm.compressedOopsMode" value="32-bit"/>
    <property name="line.separator" value="&#10;"/>
    <property name="java.vm.specification.vendor" value="Oracle Corporation"/>
    <property name="java.specification.name" value="Java Platform API Specification"/>
    <property name="FILE_LOG_CHARSET" value="windows-1252"/>
    <property name="java.awt.headless" value="true"/>
    <property name="surefire.real.class.path" value="C:\Users\willl\AppData\Local\Temp\surefire8224581168353131296\surefirebooter-20250823125715899_3.jar"/>
    <property name="user.script" value=""/>
    <property name="sun.management.compiler" value="HotSpot 64-Bit Tiered Compilers"/>
    <property name="java.runtime.version" value="17.0.5+8"/>
    <property name="user.name" value="willl"/>
    <property name="path.separator" value=";"/>
    <property name="os.version" value="10.0"/>
    <property name="java.runtime.name" value="OpenJDK Runtime Environment"/>
    <property name="file.encoding" value="Cp1252"/>
    <property name="java.vm.name" value="OpenJDK 64-Bit Server VM"/>
    <property name="java.vendor.version" value="Temurin-17.0.5+8"/>
    <property name="localRepository" value="C:\Users\willl\.m2\repository"/>
    <property name="java.vendor.url.bug" value="https://github.com/adoptium/adoptium-support/issues"/>
    <property name="java.io.tmpdir" value="C:\Users\willl\AppData\Local\Temp\"/>
    <property name="com.zaxxer.hikari.pool_number" value="2"/>
    <property name="java.version" value="17.0.5"/>
    <property name="user.dir" value="C:\spring-react\novelbr\backend"/>
    <property name="os.arch" value="amd64"/>
    <property name="java.vm.specification.name" value="Java Virtual Machine Specification"/>
    <property name="PID" value="8172"/>
    <property name="sun.os.patch.level" value=""/>
    <property name="CONSOLE_LOG_CHARSET" value="windows-1252"/>
    <property name="native.encoding" value="Cp1252"/>
    <property name="java.library.path" value="C:\sts-4.17.1.RELEASE\plugins\org.eclipse.justj.openjdk.hotspot.jre.full.win32.x86_64_17.0.5.v20221102-0933\jre\bin;C:\Windows\Sun\Java\bin;C:\Windows\system32;C:\Windows;C:/sts-4.17.1.RELEASE//plugins/org.eclipse.justj.openjdk.hotspot.jre.full.win32.x86_64_17.0.5.v20221102-0933/jre/bin/server;C:/sts-4.17.1.RELEASE//plugins/org.eclipse.justj.openjdk.hotspot.jre.full.win32.x86_64_17.0.5.v20221102-0933/jre/bin;C:\Program Files\Java\jdk-17\bin;%SPARK_HOME%\bin;%HADOOP_HOME%\bin;C:\ProgramData\Oracle\Java\javapath;C:\Program Files\Java\zulu17.36.17-ca-jdk17.0.4.1-win_x64\bin;C:\Program Files\Common Files\Oracle\Java\javapath;C:\Program Files (x86)\Common Files\Oracle\Java\java8path;C:\Program Files (x86)\Common Files\Oracle\Java\javapath;C:\Windows\system32;C:\Windows;C:\Windows\System32\Wbem;C:\Windows\System32\WindowsPowerShell\v1.0\;C:\Windows\System32\OpenSSH\;C:\Program Files\dotnet\;C:\Program Files\Git\cmd;C:\Program Files (x86)\dotnet\;C:\Program Files\MongoDB\Server\6.0\bin;C:\Program Files\apache-maven-3.9.4\bin;C:\Program Files\Docker\Docker\resources\bin;C:\Program Files\PuTTY\;C:\Gradle\gradle-8.8\bin;C:\Users\willl\AppData\Roaming\nvm;C:\Program Files\nodejs;C:\Program Files\Amazon\AWSCLIV2\;C:\Program Files\MySQL\MySQL Shell 8.0\bin\;C:\Users\willl\AppData\Local\Programs\Python\Python310\Scripts\;C:\Users\willl\AppData\Local\Programs\Python\Python310\;C:\Users\willl\AppData\Local\Microsoft\WindowsApps;C:\Users\willl\AppData\Local\Programs\Microsoft VS Code\bin;C:\Users\willl\AppData\Local\GitHubDesktop\bin;C:\php;C:\Users\willl\AppData\Roaming\Composer\vendor\bin;C:\Users\willl\AppData\Local\ComposerSetup\bin;C:\Program Files (x86)\Nmap;C:\Program Files\Java\jdk-17\bin;C:\Users\willl\AppData\Roaming\nvm;C:\Program Files\nodejs;C:\Users\willl\AppData\Roaming\npm;C:\sts-4.17.1.RELEASE;;."/>
    <property name="java.vm.info" value="mixed mode"/>
    <property name="java.vendor" value="Eclipse Adoptium"/>
    <property name="java.vm.version" value="17.0.5+8"/>
    <property name="sun.io.unicode.encoding" value="UnicodeLittle"/>
    <property name="java.class.version" value="61.0"/>
  </properties>
  <testcase name="preparingTestEnvironment" classname="com.novelsbr.backend.services.CommentServiceTest" time="0.213">
    <system-out><![CDATA[2025-08-23T12:59:35.587-03:00  INFO 8172 --- [           main] t.c.s.AnnotationConfigContextLoaderUtils : Could not detect default configuration classes for test class [com.novelsbr.backend.services.CommentServiceTest]: CommentServiceTest does not declare any static, non-private, non-final, nested classes annotated with @Configuration.
2025-08-23T12:59:35.589-03:00  INFO 8172 --- [           main] .b.t.c.SpringBootTestContextBootstrapper : Found @SpringBootConfiguration com.novelsbr.backend.BackendApplication for test class com.novelsbr.backend.services.CommentServiceTest
Hibernate: 
    select
        c1_0.id,
        c1_0.clazz_,
        c1_0.author_id,
        c1_0.body_text,
        c1_0.comment_by,
        c1_0.comment_father_id,
        c1_0.date_registration,
        c1_0.chapter_id,
        c1_0.novel_id 
    from
        (select
            author_id,
            chapter_id,
            comment_father_id,
            date_registration,
            id,
            body_text,
            comment_by,
            null as novel_id,
            1 as clazz_ 
        from
            tbl_comment_chapter 
        union
        all select
            author_id,
            null as chapter_id,
            comment_father_id,
            date_registration,
            id,
            body_text,
            comment_by,
            novel_id,
            2 as clazz_ 
        from
            tbl_comment_novel
    ) c1_0
Hibernate: 
    select
        c1_0.id,
        c1_0.chapter_number,
        c1_0.chapter_text,
        c1_0.date_registration,
        c1_0.novel_id,
        c1_0.title 
    from
        tbl_chapter c1_0
Hibernate: 
    select
        n1_0.id,
        a1_0.id,
        a1_0.date_registrion,
        a1_0.email,
        a1_0.name,
        a1_0.password,
        a1_0.role,
        a1_0.username,
        n1_0.date_registrion,
        n1_0.image_uri,
        n1_0.novel_name,
        ns1_0.id,
        ns1_0.novel_status_type,
        n1_0.synopsis 
    from
        tbl_novel n1_0 
    left join
        tbl_author a1_0 
            on a1_0.id=n1_0.author_id 
    left join
        tbl_novel_status ns1_0 
            on ns1_0.id=n1_0.novel_status_id 
    where
        n1_0.id=?
Hibernate: 
    delete 
    from
        tbl_chapter 
    where
        id=?
Hibernate: 
    delete 
    from
        tbl_chapter 
    where
        id=?
Hibernate: 
    delete 
    from
        tbl_chapter 
    where
        id=?
Hibernate: 
    delete 
    from
        tbl_chapter 
    where
        id=?
Hibernate: 
    select
        n1_0.id,
        n1_0.author_id,
        n1_0.date_registrion,
        n1_0.image_uri,
        n1_0.novel_name,
        n1_0.novel_status_id,
        n1_0.synopsis 
    from
        tbl_novel n1_0
Hibernate: 
    select
        a1_0.id,
        a1_0.date_registrion,
        a1_0.email,
        a1_0.name,
        a1_0.password,
        a1_0.role,
        a1_0.username 
    from
        tbl_author a1_0 
    where
        a1_0.id=?
Hibernate: 
    select
        ns1_0.id,
        ns1_0.novel_status_type 
    from
        tbl_novel_status ns1_0 
    where
        ns1_0.id=?
Hibernate: 
    delete 
    from
        tbl_novel_genero 
    where
        novel_id=?
Hibernate: 
    delete 
    from
        tbl_novel 
    where
        id=?
Hibernate: 
    select
        ns1_0.id,
        ns1_0.novel_status_type 
    from
        tbl_novel_status ns1_0
Hibernate: 
    delete 
    from
        tbl_novel_status 
    where
        id=?
Hibernate: 
    delete 
    from
        tbl_novel_status 
    where
        id=?
Hibernate: 
    delete 
    from
        tbl_novel_status 
    where
        id=?
Hibernate: 
    select
        g1_0.id,
        g1_0.gender_type 
    from
        tbl_gender g1_0
Hibernate: 
    delete 
    from
        tbl_gender 
    where
        id=?
Hibernate: 
    delete 
    from
        tbl_gender 
    where
        id=?
Hibernate: 
    delete 
    from
        tbl_gender 
    where
        id=?
Hibernate: 
    delete 
    from
        tbl_gender 
    where
        id=?
Hibernate: 
    delete 
    from
        tbl_gender 
    where
        id=?
Hibernate: 
    delete 
    from
        tbl_gender 
    where
        id=?
Hibernate: 
    delete 
    from
        tbl_gender 
    where
        id=?
Hibernate: 
    delete 
    from
        tbl_gender 
    where
        id=?
Hibernate: 
    delete 
    from
        tbl_gender 
    where
        id=?
Hibernate: 
    delete 
    from
        tbl_gender 
    where
        id=?
Hibernate: 
    delete 
    from
        tbl_gender 
    where
        id=?
Hibernate: 
    delete 
    from
        tbl_gender 
    where
        id=?
Hibernate: 
    delete 
    from
        tbl_gender 
    where
        id=?
Hibernate: 
    delete 
    from
        tbl_gender 
    where
        id=?
Hibernate: 
    delete 
    from
        tbl_gender 
    where
        id=?
Hibernate: 
    delete 
    from
        tbl_gender 
    where
        id=?
Hibernate: 
    delete 
    from
        tbl_gender 
    where
        id=?
Hibernate: 
    delete 
    from
        tbl_gender 
    where
        id=?
Hibernate: 
    delete 
    from
        tbl_gender 
    where
        id=?
Hibernate: 
    delete 
    from
        tbl_gender 
    where
        id=?
Hibernate: 
    delete 
    from
        tbl_gender 
    where
        id=?
Hibernate: 
    select
        a1_0.id,
        a1_0.date_registrion,
        a1_0.email,
        a1_0.name,
        a1_0.password,
        a1_0.role,
        a1_0.username 
    from
        tbl_author a1_0
Hibernate: 
    delete 
    from
        tbl_author 
    where
        id=?
Hibernate: 
    select
        ns1_0.id,
        ns1_0.novel_status_type 
    from
        tbl_novel_status ns1_0 
    where
        ns1_0.id=?
Hibernate: 
    select
        ns1_0.id,
        ns1_0.novel_status_type 
    from
        tbl_novel_status ns1_0 
    where
        ns1_0.id=?
Hibernate: 
    select
        ns1_0.id,
        ns1_0.novel_status_type 
    from
        tbl_novel_status ns1_0 
    where
        ns1_0.id=?
Hibernate: 
    insert 
    into
        tbl_novel_status
        (novel_status_type, id) 
    values
        (?, ?)
Hibernate: 
    insert 
    into
        tbl_novel_status
        (novel_status_type, id) 
    values
        (?, ?)
Hibernate: 
    insert 
    into
        tbl_novel_status
        (novel_status_type, id) 
    values
        (?, ?)
Hibernate: 
    select
        g1_0.id,
        g1_0.gender_type 
    from
        tbl_gender g1_0 
    where
        g1_0.id=?
Hibernate: 
    select
        g1_0.id,
        g1_0.gender_type 
    from
        tbl_gender g1_0 
    where
        g1_0.id=?
Hibernate: 
    select
        g1_0.id,
        g1_0.gender_type 
    from
        tbl_gender g1_0 
    where
        g1_0.id=?
Hibernate: 
    select
        g1_0.id,
        g1_0.gender_type 
    from
        tbl_gender g1_0 
    where
        g1_0.id=?
Hibernate: 
    select
        g1_0.id,
        g1_0.gender_type 
    from
        tbl_gender g1_0 
    where
        g1_0.id=?
Hibernate: 
    select
        g1_0.id,
        g1_0.gender_type 
    from
        tbl_gender g1_0 
    where
        g1_0.id=?
Hibernate: 
    select
        g1_0.id,
        g1_0.gender_type 
    from
        tbl_gender g1_0 
    where
        g1_0.id=?
Hibernate: 
    select
        g1_0.id,
        g1_0.gender_type 
    from
        tbl_gender g1_0 
    where
        g1_0.id=?
Hibernate: 
    select
        g1_0.id,
        g1_0.gender_type 
    from
        tbl_gender g1_0 
    where
        g1_0.id=?
Hibernate: 
    select
        g1_0.id,
        g1_0.gender_type 
    from
        tbl_gender g1_0 
    where
        g1_0.id=?
Hibernate: 
    select
        g1_0.id,
        g1_0.gender_type 
    from
        tbl_gender g1_0 
    where
        g1_0.id=?
Hibernate: 
    select
        g1_0.id,
        g1_0.gender_type 
    from
        tbl_gender g1_0 
    where
        g1_0.id=?
Hibernate: 
    select
        g1_0.id,
        g1_0.gender_type 
    from
        tbl_gender g1_0 
    where
        g1_0.id=?
Hibernate: 
    select
        g1_0.id,
        g1_0.gender_type 
    from
        tbl_gender g1_0 
    where
        g1_0.id=?
Hibernate: 
    select
        g1_0.id,
        g1_0.gender_type 
    from
        tbl_gender g1_0 
    where
        g1_0.id=?
Hibernate: 
    select
        g1_0.id,
        g1_0.gender_type 
    from
        tbl_gender g1_0 
    where
        g1_0.id=?
Hibernate: 
    select
        g1_0.id,
        g1_0.gender_type 
    from
        tbl_gender g1_0 
    where
        g1_0.id=?
Hibernate: 
    select
        g1_0.id,
        g1_0.gender_type 
    from
        tbl_gender g1_0 
    where
        g1_0.id=?
Hibernate: 
    select
        g1_0.id,
        g1_0.gender_type 
    from
        tbl_gender g1_0 
    where
        g1_0.id=?
Hibernate: 
    select
        g1_0.id,
        g1_0.gender_type 
    from
        tbl_gender g1_0 
    where
        g1_0.id=?
Hibernate: 
    select
        g1_0.id,
        g1_0.gender_type 
    from
        tbl_gender g1_0 
    where
        g1_0.id=?
Hibernate: 
    insert 
    into
        tbl_gender
        (gender_type, id) 
    values
        (?, ?)
Hibernate: 
    insert 
    into
        tbl_gender
        (gender_type, id) 
    values
        (?, ?)
Hibernate: 
    insert 
    into
        tbl_gender
        (gender_type, id) 
    values
        (?, ?)
Hibernate: 
    insert 
    into
        tbl_gender
        (gender_type, id) 
    values
        (?, ?)
Hibernate: 
    insert 
    into
        tbl_gender
        (gender_type, id) 
    values
        (?, ?)
Hibernate: 
    insert 
    into
        tbl_gender
        (gender_type, id) 
    values
        (?, ?)
Hibernate: 
    insert 
    into
        tbl_gender
        (gender_type, id) 
    values
        (?, ?)
Hibernate: 
    insert 
    into
        tbl_gender
        (gender_type, id) 
    values
        (?, ?)
Hibernate: 
    insert 
    into
        tbl_gender
        (gender_type, id) 
    values
        (?, ?)
Hibernate: 
    insert 
    into
        tbl_gender
        (gender_type, id) 
    values
        (?, ?)
Hibernate: 
    insert 
    into
        tbl_gender
        (gender_type, id) 
    values
        (?, ?)
Hibernate: 
    insert 
    into
        tbl_gender
        (gender_type, id) 
    values
        (?, ?)
Hibernate: 
    insert 
    into
        tbl_gender
        (gender_type, id) 
    values
        (?, ?)
Hibernate: 
    insert 
    into
        tbl_gender
        (gender_type, id) 
    values
        (?, ?)
Hibernate: 
    insert 
    into
        tbl_gender
        (gender_type, id) 
    values
        (?, ?)
Hibernate: 
    insert 
    into
        tbl_gender
        (gender_type, id) 
    values
        (?, ?)
Hibernate: 
    insert 
    into
        tbl_gender
        (gender_type, id) 
    values
        (?, ?)
Hibernate: 
    insert 
    into
        tbl_gender
        (gender_type, id) 
    values
        (?, ?)
Hibernate: 
    insert 
    into
        tbl_gender
        (gender_type, id) 
    values
        (?, ?)
Hibernate: 
    insert 
    into
        tbl_gender
        (gender_type, id) 
    values
        (?, ?)
Hibernate: 
    insert 
    into
        tbl_gender
        (gender_type, id) 
    values
        (?, ?)
Hibernate: 
    insert 
    into
        tbl_author
        (date_registrion, email, name, password, role, username, id) 
    values
        (?, ?, ?, ?, ?, ?, default)
Hibernate: 
    select
        null,
        ns1_0.novel_status_type 
    from
        tbl_novel_status ns1_0 
    where
        ns1_0.id=?
Hibernate: 
    insert 
    into
        tbl_novel
        (author_id, date_registrion, image_uri, novel_name, novel_status_id, synopsis, id) 
    values
        (?, ?, ?, ?, ?, ?, default)
Hibernate: 
    select
        null,
        g1_0.gender_type 
    from
        tbl_gender g1_0 
    where
        g1_0.id=?
Hibernate: 
    select
        null,
        g1_0.gender_type 
    from
        tbl_gender g1_0 
    where
        g1_0.id=?
Hibernate: 
    select
        null,
        g1_0.gender_type 
    from
        tbl_gender g1_0 
    where
        g1_0.id=?
Hibernate: 
    select
        null,
        g1_0.gender_type 
    from
        tbl_gender g1_0 
    where
        g1_0.id=?
Hibernate: 
    select
        null,
        g1_0.gender_type 
    from
        tbl_gender g1_0 
    where
        g1_0.id=?
Hibernate: 
    select
        null,
        g1_0.gender_type 
    from
        tbl_gender g1_0 
    where
        g1_0.id=?
Hibernate: 
    select
        null,
        g1_0.gender_type 
    from
        tbl_gender g1_0 
    where
        g1_0.id=?
Hibernate: 
    select
        null,
        g1_0.gender_type 
    from
        tbl_gender g1_0 
    where
        g1_0.id=?
Hibernate: 
    select
        null,
        g1_0.gender_type 
    from
        tbl_gender g1_0 
    where
        g1_0.id=?
Hibernate: 
    select
        null,
        g1_0.gender_type 
    from
        tbl_gender g1_0 
    where
        g1_0.id=?
Hibernate: 
    select
        null,
        g1_0.gender_type 
    from
        tbl_gender g1_0 
    where
        g1_0.id=?
Hibernate: 
    select
        null,
        g1_0.gender_type 
    from
        tbl_gender g1_0 
    where
        g1_0.id=?
Hibernate: 
    select
        null,
        g1_0.gender_type 
    from
        tbl_gender g1_0 
    where
        g1_0.id=?
Hibernate: 
    select
        null,
        g1_0.gender_type 
    from
        tbl_gender g1_0 
    where
        g1_0.id=?
Hibernate: 
    select
        null,
        g1_0.gender_type 
    from
        tbl_gender g1_0 
    where
        g1_0.id=?
Hibernate: 
    select
        null,
        g1_0.gender_type 
    from
        tbl_gender g1_0 
    where
        g1_0.id=?
Hibernate: 
    select
        null,
        g1_0.gender_type 
    from
        tbl_gender g1_0 
    where
        g1_0.id=?
Hibernate: 
    select
        null,
        g1_0.gender_type 
    from
        tbl_gender g1_0 
    where
        g1_0.id=?
Hibernate: 
    select
        null,
        g1_0.gender_type 
    from
        tbl_gender g1_0 
    where
        g1_0.id=?
Hibernate: 
    select
        null,
        g1_0.gender_type 
    from
        tbl_gender g1_0 
    where
        g1_0.id=?
Hibernate: 
    select
        null,
        g1_0.gender_type 
    from
        tbl_gender g1_0 
    where
        g1_0.id=?
Hibernate: 
    insert 
    into
        tbl_novel_genero
        (novel_id, genero_id) 
    values
        (?, ?)
Hibernate: 
    insert 
    into
        tbl_novel_genero
        (novel_id, genero_id) 
    values
        (?, ?)
Hibernate: 
    insert 
    into
        tbl_novel_genero
        (novel_id, genero_id) 
    values
        (?, ?)
Hibernate: 
    insert 
    into
        tbl_novel_genero
        (novel_id, genero_id) 
    values
        (?, ?)
Hibernate: 
    insert 
    into
        tbl_novel_genero
        (novel_id, genero_id) 
    values
        (?, ?)
Hibernate: 
    insert 
    into
        tbl_novel_genero
        (novel_id, genero_id) 
    values
        (?, ?)
Hibernate: 
    insert 
    into
        tbl_novel_genero
        (novel_id, genero_id) 
    values
        (?, ?)
Hibernate: 
    insert 
    into
        tbl_novel_genero
        (novel_id, genero_id) 
    values
        (?, ?)
Hibernate: 
    insert 
    into
        tbl_novel_genero
        (novel_id, genero_id) 
    values
        (?, ?)
Hibernate: 
    insert 
    into
        tbl_novel_genero
        (novel_id, genero_id) 
    values
        (?, ?)
Hibernate: 
    insert 
    into
        tbl_novel_genero
        (novel_id, genero_id) 
    values
        (?, ?)
Hibernate: 
    insert 
    into
        tbl_novel_genero
        (novel_id, genero_id) 
    values
        (?, ?)
Hibernate: 
    insert 
    into
        tbl_novel_genero
        (novel_id, genero_id) 
    values
        (?, ?)
Hibernate: 
    insert 
    into
        tbl_novel_genero
        (novel_id, genero_id) 
    values
        (?, ?)
Hibernate: 
    insert 
    into
        tbl_novel_genero
        (novel_id, genero_id) 
    values
        (?, ?)
Hibernate: 
    insert 
    into
        tbl_novel_genero
        (novel_id, genero_id) 
    values
        (?, ?)
Hibernate: 
    insert 
    into
        tbl_novel_genero
        (novel_id, genero_id) 
    values
        (?, ?)
Hibernate: 
    insert 
    into
        tbl_novel_genero
        (novel_id, genero_id) 
    values
        (?, ?)
Hibernate: 
    insert 
    into
        tbl_novel_genero
        (novel_id, genero_id) 
    values
        (?, ?)
Hibernate: 
    insert 
    into
        tbl_novel_genero
        (novel_id, genero_id) 
    values
        (?, ?)
Hibernate: 
    insert 
    into
        tbl_novel_genero
        (novel_id, genero_id) 
    values
        (?, ?)
Hibernate: 
    insert 
    into
        tbl_chapter
        (chapter_number, chapter_text, date_registration, novel_id, title, id) 
    values
        (?, ?, ?, ?, ?, default)
]]></system-out>
  </testcase>
  <testcase name="save" classname="com.novelsbr.backend.services.CommentServiceTest" time="0.059">
    <system-out><![CDATA[Hibernate: 
    select
        a1_0.id,
        a1_0.date_registrion,
        a1_0.email,
        a1_0.name,
        a1_0.password,
        a1_0.role,
        a1_0.username 
    from
        tbl_author a1_0
Hibernate: 
    select
        n1_0.id,
        n1_0.author_id,
        n1_0.date_registrion,
        n1_0.image_uri,
        n1_0.novel_name,
        n1_0.novel_status_id,
        n1_0.synopsis 
    from
        tbl_novel n1_0
Hibernate: 
    select
        a1_0.id,
        a1_0.date_registrion,
        a1_0.email,
        a1_0.name,
        a1_0.password,
        a1_0.role,
        a1_0.username 
    from
        tbl_author a1_0 
    where
        a1_0.id=?
Hibernate: 
    select
        ns1_0.id,
        ns1_0.novel_status_type 
    from
        tbl_novel_status ns1_0 
    where
        ns1_0.id=?
Hibernate: 
    select
        c1_0.id,
        c1_0.chapter_number,
        c1_0.chapter_text,
        c1_0.date_registration,
        c1_0.novel_id,
        c1_0.title 
    from
        tbl_chapter c1_0
Hibernate: 
    select
        n1_0.id,
        a1_0.id,
        a1_0.date_registrion,
        a1_0.email,
        a1_0.name,
        a1_0.password,
        a1_0.role,
        a1_0.username,
        n1_0.date_registrion,
        n1_0.image_uri,
        n1_0.novel_name,
        ns1_0.id,
        ns1_0.novel_status_type,
        n1_0.synopsis 
    from
        tbl_novel n1_0 
    left join
        tbl_author a1_0 
            on a1_0.id=n1_0.author_id 
    left join
        tbl_novel_status ns1_0 
            on ns1_0.id=n1_0.novel_status_id 
    where
        n1_0.id=?
Hibernate: 
    select
        a1_0.id,
        a1_0.date_registrion,
        a1_0.email,
        a1_0.name,
        a1_0.password,
        a1_0.role,
        a1_0.username 
    from
        tbl_author a1_0 
    where
        a1_0.id=?
Hibernate: 
    select
        n1_0.id,
        a1_0.id,
        a1_0.date_registrion,
        a1_0.email,
        a1_0.name,
        a1_0.password,
        a1_0.role,
        a1_0.username,
        n1_0.date_registrion,
        n1_0.image_uri,
        n1_0.novel_name,
        ns1_0.id,
        ns1_0.novel_status_type,
        n1_0.synopsis 
    from
        tbl_novel n1_0 
    left join
        tbl_author a1_0 
            on a1_0.id=n1_0.author_id 
    left join
        tbl_novel_status ns1_0 
            on ns1_0.id=n1_0.novel_status_id 
    where
        n1_0.id=?
Hibernate: 
    select
        next value for tbl_comment_seq
Hibernate: 
    insert 
    into
        tbl_comment_novel
        (author_id, body_text, comment_by, comment_father_id, date_registration, novel_id, id) 
    values
        (?, ?, ?, ?, ?, ?, ?)
Hibernate: 
    select
        a1_0.id,
        a1_0.date_registrion,
        a1_0.email,
        a1_0.name,
        a1_0.password,
        a1_0.role,
        a1_0.username 
    from
        tbl_author a1_0 
    where
        a1_0.id=?
Hibernate: 
    select
        c1_0.id,
        c1_0.chapter_number,
        c1_0.chapter_text,
        c1_0.date_registration,
        n1_0.id,
        a1_0.id,
        a1_0.date_registrion,
        a1_0.email,
        a1_0.name,
        a1_0.password,
        a1_0.role,
        a1_0.username,
        n1_0.date_registrion,
        n1_0.image_uri,
        n1_0.novel_name,
        ns1_0.id,
        ns1_0.novel_status_type,
        n1_0.synopsis,
        c1_0.title 
    from
        tbl_chapter c1_0 
    left join
        tbl_novel n1_0 
            on n1_0.id=c1_0.novel_id 
    left join
        tbl_author a1_0 
            on a1_0.id=n1_0.author_id 
    left join
        tbl_novel_status ns1_0 
            on ns1_0.id=n1_0.novel_status_id 
    where
        c1_0.id=?
Hibernate: 
    insert 
    into
        tbl_comment_chapter
        (author_id, body_text, comment_by, comment_father_id, date_registration, chapter_id, id) 
    values
        (?, ?, ?, ?, ?, ?, ?)
Hibernate: 
    select
        count(*) 
    from
        (select
            author_id,
            chapter_id,
            comment_father_id,
            date_registration,
            id,
            body_text,
            comment_by,
            null as novel_id,
            1 as clazz_ 
        from
            tbl_comment_chapter 
        union
        all select
            author_id,
            null as chapter_id,
            comment_father_id,
            date_registration,
            id,
            body_text,
            comment_by,
            novel_id,
            2 as clazz_ 
        from
            tbl_comment_novel
    ) c1_0
]]></system-out>
  </testcase>
  <testcase name="findAll" classname="com.novelsbr.backend.services.CommentServiceTest" time="0.046">
    <system-out><![CDATA[Hibernate: 
    select
        c1_0.id,
        c1_0.clazz_,
        c1_0.author_id,
        c1_0.body_text,
        c1_0.comment_by,
        c1_0.comment_father_id,
        c1_0.date_registration,
        c1_0.chapter_id,
        c1_0.novel_id 
    from
        (select
            author_id,
            chapter_id,
            comment_father_id,
            date_registration,
            id,
            body_text,
            comment_by,
            null as novel_id,
            1 as clazz_ 
        from
            tbl_comment_chapter 
        union
        all select
            author_id,
            null as chapter_id,
            comment_father_id,
            date_registration,
            id,
            body_text,
            comment_by,
            novel_id,
            2 as clazz_ 
        from
            tbl_comment_novel
    ) c1_0
Hibernate: 
    select
        a1_0.id,
        a1_0.date_registrion,
        a1_0.email,
        a1_0.name,
        a1_0.password,
        a1_0.role,
        a1_0.username 
    from
        tbl_author a1_0 
    where
        a1_0.id=?
Hibernate: 
    select
        c1_0.id,
        c1_0.chapter_number,
        c1_0.chapter_text,
        c1_0.date_registration,
        n1_0.id,
        a1_0.id,
        a1_0.date_registrion,
        a1_0.email,
        a1_0.name,
        a1_0.password,
        a1_0.role,
        a1_0.username,
        n1_0.date_registrion,
        n1_0.image_uri,
        n1_0.novel_name,
        ns1_0.id,
        ns1_0.novel_status_type,
        n1_0.synopsis,
        c1_0.title 
    from
        tbl_chapter c1_0 
    left join
        tbl_novel n1_0 
            on n1_0.id=c1_0.novel_id 
    left join
        tbl_author a1_0 
            on a1_0.id=n1_0.author_id 
    left join
        tbl_novel_status ns1_0 
            on ns1_0.id=n1_0.novel_status_id 
    where
        c1_0.id=?
Hibernate: 
    select
        count(*) 
    from
        (select
            author_id,
            chapter_id,
            comment_father_id,
            date_registration,
            id,
            body_text,
            comment_by,
            null as novel_id,
            1 as clazz_ 
        from
            tbl_comment_chapter 
        union
        all select
            author_id,
            null as chapter_id,
            comment_father_id,
            date_registration,
            id,
            body_text,
            comment_by,
            novel_id,
            2 as clazz_ 
        from
            tbl_comment_novel
    ) c1_0
]]></system-out>
  </testcase>
  <testcase name="findAllNovelsByEntityId" classname="com.novelsbr.backend.services.CommentServiceTest" time="0.016">
    <system-out><![CDATA[Hibernate: 
    select
        n1_0.id,
        n1_0.author_id,
        n1_0.date_registrion,
        n1_0.image_uri,
        n1_0.novel_name,
        n1_0.novel_status_id,
        n1_0.synopsis 
    from
        tbl_novel n1_0
Hibernate: 
    select
        a1_0.id,
        a1_0.date_registrion,
        a1_0.email,
        a1_0.name,
        a1_0.password,
        a1_0.role,
        a1_0.username 
    from
        tbl_author a1_0 
    where
        a1_0.id=?
Hibernate: 
    select
        ns1_0.id,
        ns1_0.novel_status_type 
    from
        tbl_novel_status ns1_0 
    where
        ns1_0.id=?
Hibernate: 
    SELECT
        cn.id as comment_id,
        cn.author_id,
        a.username,
        cn.comment_father_id,
        cn.date_registration,
        cn.novel_id as entity_id,
        cn.body_text,
        cn.comment_by 
    FROM
        TBL_COMMENT_NOVEL cn 
    INNER JOIN
        TBL_AUTHOR a 
            ON a.id = cn.author_id 
    WHERE
        cn.novel_id = ?; 
]]></system-out>
  </testcase>
  <testcase name="findAllChaptersByEntityId" classname="com.novelsbr.backend.services.CommentServiceTest" time="0.014">
    <system-out><![CDATA[Hibernate: 
    select
        c1_0.id,
        c1_0.chapter_number,
        c1_0.chapter_text,
        c1_0.date_registration,
        c1_0.novel_id,
        c1_0.title 
    from
        tbl_chapter c1_0
Hibernate: 
    select
        n1_0.id,
        a1_0.id,
        a1_0.date_registrion,
        a1_0.email,
        a1_0.name,
        a1_0.password,
        a1_0.role,
        a1_0.username,
        n1_0.date_registrion,
        n1_0.image_uri,
        n1_0.novel_name,
        ns1_0.id,
        ns1_0.novel_status_type,
        n1_0.synopsis 
    from
        tbl_novel n1_0 
    left join
        tbl_author a1_0 
            on a1_0.id=n1_0.author_id 
    left join
        tbl_novel_status ns1_0 
            on ns1_0.id=n1_0.novel_status_id 
    where
        n1_0.id=?
Hibernate: 
    SELECT
        cc.id as comment_id,
        cc.author_id,
        a.username,
        cc.comment_father_id,
        cc.date_registration,
        cc.chapter_id as entity_id,
        cc.body_text,
        cc.comment_by 
    FROM
        TBL_COMMENT_CHAPTER cc 
    INNER JOIN
        TBL_AUTHOR a 
            ON a.id = cc.author_id 
    WHERE
        cc.chapter_id = ?; 
]]></system-out>
  </testcase>
  <testcase name="update" classname="com.novelsbr.backend.services.CommentServiceTest" time="0.052">
    <system-out><![CDATA[Hibernate: 
    select
        c1_0.id,
        c1_0.clazz_,
        c1_0.author_id,
        c1_0.body_text,
        c1_0.comment_by,
        c1_0.comment_father_id,
        c1_0.date_registration,
        c1_0.chapter_id,
        c1_0.novel_id 
    from
        (select
            author_id,
            chapter_id,
            comment_father_id,
            date_registration,
            id,
            body_text,
            comment_by,
            null as novel_id,
            1 as clazz_ 
        from
            tbl_comment_chapter 
        union
        all select
            author_id,
            null as chapter_id,
            comment_father_id,
            date_registration,
            id,
            body_text,
            comment_by,
            novel_id,
            2 as clazz_ 
        from
            tbl_comment_novel
    ) c1_0
Hibernate: 
    select
        a1_0.id,
        a1_0.date_registrion,
        a1_0.email,
        a1_0.name,
        a1_0.password,
        a1_0.role,
        a1_0.username 
    from
        tbl_author a1_0 
    where
        a1_0.id=?
Hibernate: 
    select
        c1_0.id,
        c1_0.chapter_number,
        c1_0.chapter_text,
        c1_0.date_registration,
        n1_0.id,
        a1_0.id,
        a1_0.date_registrion,
        a1_0.email,
        a1_0.name,
        a1_0.password,
        a1_0.role,
        a1_0.username,
        n1_0.date_registrion,
        n1_0.image_uri,
        n1_0.novel_name,
        ns1_0.id,
        ns1_0.novel_status_type,
        n1_0.synopsis,
        c1_0.title 
    from
        tbl_chapter c1_0 
    left join
        tbl_novel n1_0 
            on n1_0.id=c1_0.novel_id 
    left join
        tbl_author a1_0 
            on a1_0.id=n1_0.author_id 
    left join
        tbl_novel_status ns1_0 
            on ns1_0.id=n1_0.novel_status_id 
    where
        c1_0.id=?
Hibernate: 
    select
        c1_0.id,
        c1_0.clazz_,
        a1_0.id,
        a1_0.date_registrion,
        a1_0.email,
        a1_0.name,
        a1_0.password,
        a1_0.role,
        a1_0.username,
        c1_0.body_text,
        c1_0.comment_by,
        c1_0.comment_father_id,
        c1_0.date_registration,
        c2_0.id,
        c2_0.chapter_number,
        c2_0.chapter_text,
        c2_0.date_registration,
        n1_0.id,
        a2_0.id,
        a2_0.date_registrion,
        a2_0.email,
        a2_0.name,
        a2_0.password,
        a2_0.role,
        a2_0.username,
        n1_0.date_registrion,
        n1_0.image_uri,
        n1_0.novel_name,
        ns1_0.id,
        ns1_0.novel_status_type,
        n1_0.synopsis,
        c2_0.title,
        n2_0.id,
        a3_0.id,
        a3_0.date_registrion,
        a3_0.email,
        a3_0.name,
        a3_0.password,
        a3_0.role,
        a3_0.username,
        n2_0.date_registrion,
        n2_0.image_uri,
        n2_0.novel_name,
        ns2_0.id,
        ns2_0.novel_status_type,
        n2_0.synopsis 
    from
        (select
            author_id,
            chapter_id,
            comment_father_id,
            date_registration,
            id,
            body_text,
            comment_by,
            null as novel_id,
            1 as clazz_ 
        from
            tbl_comment_chapter 
        union
        all select
            author_id,
            null as chapter_id,
            comment_father_id,
            date_registration,
            id,
            body_text,
            comment_by,
            novel_id,
            2 as clazz_ 
        from
            tbl_comment_novel
    ) c1_0 
left join
    tbl_author a1_0 
        on a1_0.id=c1_0.author_id 
left join
    tbl_chapter c2_0 
        on c2_0.id=c1_0.chapter_id 
left join
    tbl_novel n1_0 
        on n1_0.id=c2_0.novel_id 
left join
    tbl_author a2_0 
        on a2_0.id=n1_0.author_id 
left join
    tbl_novel_status ns1_0 
        on ns1_0.id=n1_0.novel_status_id 
left join
    tbl_novel n2_0 
        on n2_0.id=c1_0.novel_id 
left join
    tbl_author a3_0 
        on a3_0.id=n2_0.author_id 
left join
    tbl_novel_status ns2_0 
        on ns2_0.id=n2_0.novel_status_id 
where
    c1_0.id=?
Hibernate: 
    select
        cc1_0.id,
        a1_0.id,
        a1_0.date_registrion,
        a1_0.email,
        a1_0.name,
        a1_0.password,
        a1_0.role,
        a1_0.username,
        cc1_0.body_text,
        cc1_0.comment_by,
        cc1_0.comment_father_id,
        cc1_0.date_registration,
        c1_0.id,
        c1_0.chapter_number,
        c1_0.chapter_text,
        c1_0.date_registration,
        n1_0.id,
        a2_0.id,
        a2_0.date_registrion,
        a2_0.email,
        a2_0.name,
        a2_0.password,
        a2_0.role,
        a2_0.username,
        n1_0.date_registrion,
        n1_0.image_uri,
        n1_0.novel_name,
        ns1_0.id,
        ns1_0.novel_status_type,
        n1_0.synopsis,
        c1_0.title,
        c2_0.comment_father_id,
        c2_0.id,
        c2_0.clazz_,
        a3_0.id,
        a3_0.date_registrion,
        a3_0.email,
        a3_0.name,
        a3_0.password,
        a3_0.role,
        a3_0.username,
        c2_0.body_text,
        c2_0.comment_by,
        c2_0.date_registration,
        c3_0.id,
        c3_0.chapter_number,
        c3_0.chapter_text,
        c3_0.date_registration,
        n2_0.id,
        a4_0.id,
        a4_0.date_registrion,
        a4_0.email,
        a4_0.name,
        a4_0.password,
        a4_0.role,
        a4_0.username,
        n2_0.date_registrion,
        n2_0.image_uri,
        n2_0.novel_name,
        ns2_0.id,
        ns2_0.novel_status_type,
        n2_0.synopsis,
        c3_0.title,
        n3_0.id,
        a5_0.id,
        a5_0.date_registrion,
        a5_0.email,
        a5_0.name,
        a5_0.password,
        a5_0.role,
        a5_0.username,
        n3_0.date_registrion,
        n3_0.image_uri,
        n3_0.novel_name,
        ns3_0.id,
        ns3_0.novel_status_type,
        n3_0.synopsis 
    from
        tbl_comment_chapter cc1_0 
    left join
        tbl_author a1_0 
            on a1_0.id=cc1_0.author_id 
    left join
        tbl_chapter c1_0 
            on c1_0.id=cc1_0.chapter_id 
    left join
        tbl_novel n1_0 
            on n1_0.id=c1_0.novel_id 
    left join
        tbl_author a2_0 
            on a2_0.id=n1_0.author_id 
    left join
        tbl_novel_status ns1_0 
            on ns1_0.id=n1_0.novel_status_id 
    left join
        (select
            author_id, chapter_id, comment_father_id, date_registration, id, body_text, comment_by, null as novel_id, 1 as clazz_ 
        from
            tbl_comment_chapter 
        union
        all select
            author_id, null as chapter_id, comment_father_id, date_registration, id, body_text, comment_by, novel_id, 2 as clazz_ 
        from
            tbl_comment_novel) c2_0 
            on cc1_0.id=c2_0.comment_father_id 
    left join
        tbl_author a3_0 
            on a3_0.id=c2_0.author_id 
    left join
        tbl_chapter c3_0 
            on c3_0.id=c2_0.chapter_id 
    left join
        tbl_novel n2_0 
            on n2_0.id=c3_0.novel_id 
    left join
        tbl_author a4_0 
            on a4_0.id=n2_0.author_id 
    left join
        tbl_novel_status ns2_0 
            on ns2_0.id=n2_0.novel_status_id 
    left join
        tbl_novel n3_0 
            on n3_0.id=c2_0.novel_id 
    left join
        tbl_author a5_0 
            on a5_0.id=n3_0.author_id 
    left join
        tbl_novel_status ns3_0 
            on ns3_0.id=n3_0.novel_status_id 
    where
        cc1_0.id=?
Hibernate: 
    update
        tbl_comment_chapter 
    set
        author_id=?,
        body_text=?,
        comment_by=?,
        comment_father_id=?,
        date_registration=?,
        chapter_id=? 
    where
        id=?
]]></system-out>
  </testcase>
  <testcase name="delete" classname="com.novelsbr.backend.services.CommentServiceTest" time="0.046">
    <system-out><![CDATA[Hibernate: 
    select
        c1_0.id,
        c1_0.clazz_,
        c1_0.author_id,
        c1_0.body_text,
        c1_0.comment_by,
        c1_0.comment_father_id,
        c1_0.date_registration,
        c1_0.chapter_id,
        c1_0.novel_id 
    from
        (select
            author_id,
            chapter_id,
            comment_father_id,
            date_registration,
            id,
            body_text,
            comment_by,
            null as novel_id,
            1 as clazz_ 
        from
            tbl_comment_chapter 
        union
        all select
            author_id,
            null as chapter_id,
            comment_father_id,
            date_registration,
            id,
            body_text,
            comment_by,
            novel_id,
            2 as clazz_ 
        from
            tbl_comment_novel
    ) c1_0
Hibernate: 
    select
        a1_0.id,
        a1_0.date_registrion,
        a1_0.email,
        a1_0.name,
        a1_0.password,
        a1_0.role,
        a1_0.username 
    from
        tbl_author a1_0 
    where
        a1_0.id=?
Hibernate: 
    select
        c1_0.id,
        c1_0.chapter_number,
        c1_0.chapter_text,
        c1_0.date_registration,
        n1_0.id,
        a1_0.id,
        a1_0.date_registrion,
        a1_0.email,
        a1_0.name,
        a1_0.password,
        a1_0.role,
        a1_0.username,
        n1_0.date_registrion,
        n1_0.image_uri,
        n1_0.novel_name,
        ns1_0.id,
        ns1_0.novel_status_type,
        n1_0.synopsis,
        c1_0.title 
    from
        tbl_chapter c1_0 
    left join
        tbl_novel n1_0 
            on n1_0.id=c1_0.novel_id 
    left join
        tbl_author a1_0 
            on a1_0.id=n1_0.author_id 
    left join
        tbl_novel_status ns1_0 
            on ns1_0.id=n1_0.novel_status_id 
    where
        c1_0.id=?
Hibernate: 
    select
        c1_0.id,
        c1_0.clazz_,
        a1_0.id,
        a1_0.date_registrion,
        a1_0.email,
        a1_0.name,
        a1_0.password,
        a1_0.role,
        a1_0.username,
        c1_0.body_text,
        c1_0.comment_by,
        c1_0.comment_father_id,
        c1_0.date_registration,
        c2_0.id,
        c2_0.chapter_number,
        c2_0.chapter_text,
        c2_0.date_registration,
        n1_0.id,
        a2_0.id,
        a2_0.date_registrion,
        a2_0.email,
        a2_0.name,
        a2_0.password,
        a2_0.role,
        a2_0.username,
        n1_0.date_registrion,
        n1_0.image_uri,
        n1_0.novel_name,
        ns1_0.id,
        ns1_0.novel_status_type,
        n1_0.synopsis,
        c2_0.title,
        n2_0.id,
        a3_0.id,
        a3_0.date_registrion,
        a3_0.email,
        a3_0.name,
        a3_0.password,
        a3_0.role,
        a3_0.username,
        n2_0.date_registrion,
        n2_0.image_uri,
        n2_0.novel_name,
        ns2_0.id,
        ns2_0.novel_status_type,
        n2_0.synopsis 
    from
        (select
            author_id,
            chapter_id,
            comment_father_id,
            date_registration,
            id,
            body_text,
            comment_by,
            null as novel_id,
            1 as clazz_ 
        from
            tbl_comment_chapter 
        union
        all select
            author_id,
            null as chapter_id,
            comment_father_id,
            date_registration,
            id,
            body_text,
            comment_by,
            novel_id,
            2 as clazz_ 
        from
            tbl_comment_novel
    ) c1_0 
left join
    tbl_author a1_0 
        on a1_0.id=c1_0.author_id 
left join
    tbl_chapter c2_0 
        on c2_0.id=c1_0.chapter_id 
left join
    tbl_novel n1_0 
        on n1_0.id=c2_0.novel_id 
left join
    tbl_author a2_0 
        on a2_0.id=n1_0.author_id 
left join
    tbl_novel_status ns1_0 
        on ns1_0.id=n1_0.novel_status_id 
left join
    tbl_novel n2_0 
        on n2_0.id=c1_0.novel_id 
left join
    tbl_author a3_0 
        on a3_0.id=n2_0.author_id 
left join
    tbl_novel_status ns2_0 
        on ns2_0.id=n2_0.novel_status_id 
where
    c1_0.id=?
Hibernate: 
    select
        cc1_0.id,
        a1_0.id,
        a1_0.date_registrion,
        a1_0.email,
        a1_0.name,
        a1_0.password,
        a1_0.role,
        a1_0.username,
        cc1_0.body_text,
        cc1_0.comment_by,
        cc1_0.comment_father_id,
        cc1_0.date_registration,
        c1_0.id,
        c1_0.chapter_number,
        c1_0.chapter_text,
        c1_0.date_registration,
        n1_0.id,
        a2_0.id,
        a2_0.date_registrion,
        a2_0.email,
        a2_0.name,
        a2_0.password,
        a2_0.role,
        a2_0.username,
        n1_0.date_registrion,
        n1_0.image_uri,
        n1_0.novel_name,
        ns1_0.id,
        ns1_0.novel_status_type,
        n1_0.synopsis,
        c1_0.title 
    from
        tbl_comment_chapter cc1_0 
    left join
        tbl_author a1_0 
            on a1_0.id=cc1_0.author_id 
    left join
        tbl_chapter c1_0 
            on c1_0.id=cc1_0.chapter_id 
    left join
        tbl_novel n1_0 
            on n1_0.id=c1_0.novel_id 
    left join
        tbl_author a2_0 
            on a2_0.id=n1_0.author_id 
    left join
        tbl_novel_status ns1_0 
            on ns1_0.id=n1_0.novel_status_id 
    where
        cc1_0.id=?
Hibernate: 
    select
        c1_0.comment_father_id,
        c1_0.id,
        c1_0.clazz_,
        a1_0.id,
        a1_0.date_registrion,
        a1_0.email,
        a1_0.name,
        a1_0.password,
        a1_0.role,
        a1_0.username,
        c1_0.body_text,
        c1_0.comment_by,
        c1_0.date_registration,
        c2_0.id,
        c2_0.chapter_number,
        c2_0.chapter_text,
        c2_0.date_registration,
        n1_0.id,
        a2_0.id,
        a2_0.date_registrion,
        a2_0.email,
        a2_0.name,
        a2_0.password,
        a2_0.role,
        a2_0.username,
        n1_0.date_registrion,
        n1_0.image_uri,
        n1_0.novel_name,
        ns1_0.id,
        ns1_0.novel_status_type,
        n1_0.synopsis,
        c2_0.title,
        n2_0.id,
        a3_0.id,
        a3_0.date_registrion,
        a3_0.email,
        a3_0.name,
        a3_0.password,
        a3_0.role,
        a3_0.username,
        n2_0.date_registrion,
        n2_0.image_uri,
        n2_0.novel_name,
        ns2_0.id,
        ns2_0.novel_status_type,
        n2_0.synopsis 
    from
        (select
            author_id,
            chapter_id,
            comment_father_id,
            date_registration,
            id,
            body_text,
            comment_by,
            null as novel_id,
            1 as clazz_ 
        from
            tbl_comment_chapter 
        union
        all select
            author_id,
            null as chapter_id,
            comment_father_id,
            date_registration,
            id,
            body_text,
            comment_by,
            novel_id,
            2 as clazz_ 
        from
            tbl_comment_novel
    ) c1_0 
left join
    tbl_author a1_0 
        on a1_0.id=c1_0.author_id 
left join
    tbl_chapter c2_0 
        on c2_0.id=c1_0.chapter_id 
left join
    tbl_novel n1_0 
        on n1_0.id=c2_0.novel_id 
left join
    tbl_author a2_0 
        on a2_0.id=n1_0.author_id 
left join
    tbl_novel_status ns1_0 
        on ns1_0.id=n1_0.novel_status_id 
left join
    tbl_novel n2_0 
        on n2_0.id=c1_0.novel_id 
left join
    tbl_author a3_0 
        on a3_0.id=n2_0.author_id 
left join
    tbl_novel_status ns2_0 
        on ns2_0.id=n2_0.novel_status_id 
where
    c1_0.comment_father_id=?
Hibernate: 
    delete 
    from
        tbl_comment_chapter 
    where
        id=?
Hibernate: 
    select
        count(*) 
    from
        (select
            author_id,
            chapter_id,
            comment_father_id,
            date_registration,
            id,
            body_text,
            comment_by,
            null as novel_id,
            1 as clazz_ 
        from
            tbl_comment_chapter 
        union
        all select
            author_id,
            null as chapter_id,
            comment_father_id,
            date_registration,
            id,
            body_text,
            comment_by,
            novel_id,
            2 as clazz_ 
        from
            tbl_comment_novel
    ) c1_0
]]></system-out>
  </testcase>
</testsuite>